<?xml version="1.0" encoding="UTF-8"?>
<testng-results ignored="0" total="9" passed="9" failed="0" skipped="0">
  <reporter-output>
  </reporter-output>
  <suite started-at="2025-01-07T13:17:46 IST" name="Default suite" finished-at="2025-01-07T13:17:48 IST" duration-ms="1502">
    <groups>
      <group name="cucumber">
        <method signature="AbstractTestNGCucumberTests.runScenario(io.cucumber.testng.PickleWrapper,io.cucumber.testng.FeatureWrapper)[pri:0, instance:testRunner.RunnerClass@66d18979]" name="runScenario" class="io.cucumber.testng.AbstractTestNGCucumberTests"/>
      </group> <!-- cucumber -->
    </groups>
    <test started-at="2025-01-07T13:17:46 IST" name="Default test" finished-at="2025-01-07T13:17:48 IST" duration-ms="1502">
      <class name="testRunner.RunnerClass">
        <test-method is-config="true" signature="setUpClass(org.testng.ITestContext)[pri:0, instance:testRunner.RunnerClass@66d18979]" started-at="2025-01-07T13:17:46 IST" name="setUpClass" finished-at="2025-01-07T13:17:47 IST" duration-ms="973" status="PASS">
          <params>
            <param index="0">
              <value>
                <![CDATA[org.testng.TestRunner@66238be2]]>
              </value>
            </param>
          </params>
          <reporter-output>
          </reporter-output>
        </test-method> <!-- setUpClass -->
        <test-method signature="runScenario(io.cucumber.testng.PickleWrapper,io.cucumber.testng.FeatureWrapper)[pri:0, instance:testRunner.RunnerClass@66d18979]" started-at="2025-01-07T13:17:47 IST" name="runScenario" description="Runs Cucumber Scenarios" data-provider="scenarios" finished-at="2025-01-07T13:17:47 IST" duration-ms="110" status="PASS">
          <params>
            <param index="0">
              <value>
                <![CDATA["Validation of Login using valid credentials"]]>
              </value>
            </param>
            <param index="1">
              <value>
                <![CDATA["Validating Login credentials for ExpleoSurance"]]>
              </value>
            </param>
          </params>
          <reporter-output>
          </reporter-output>
        </test-method> <!-- runScenario -->
        <test-method signature="runScenario(io.cucumber.testng.PickleWrapper,io.cucumber.testng.FeatureWrapper)[pri:0, instance:testRunner.RunnerClass@66d18979]" started-at="2025-01-07T13:17:47 IST" name="runScenario" description="Runs Cucumber Scenarios" data-provider="scenarios" finished-at="2025-01-07T13:17:47 IST" duration-ms="25" status="PASS">
          <params>
            <param index="0">
              <value>
                <![CDATA["Validation of invalid credentials"]]>
              </value>
            </param>
            <param index="1">
              <value>
                <![CDATA["Validating Login credentials for ExpleoSurance"]]>
              </value>
            </param>
          </params>
          <reporter-output>
          </reporter-output>
        </test-method> <!-- runScenario -->
        <test-method signature="runScenario(io.cucumber.testng.PickleWrapper,io.cucumber.testng.FeatureWrapper)[pri:0, instance:testRunner.RunnerClass@66d18979]" started-at="2025-01-07T13:17:47 IST" name="runScenario" description="Runs Cucumber Scenarios" data-provider="scenarios" finished-at="2025-01-07T13:17:47 IST" duration-ms="24" status="PASS">
          <params>
            <param index="0">
              <value>
                <![CDATA["Validation of invalid credentials"]]>
              </value>
            </param>
            <param index="1">
              <value>
                <![CDATA["Validating Login credentials for ExpleoSurance"]]>
              </value>
            </param>
          </params>
          <reporter-output>
          </reporter-output>
        </test-method> <!-- runScenario -->
        <test-method signature="runScenario(io.cucumber.testng.PickleWrapper,io.cucumber.testng.FeatureWrapper)[pri:0, instance:testRunner.RunnerClass@66d18979]" started-at="2025-01-07T13:17:47 IST" name="runScenario" description="Runs Cucumber Scenarios" data-provider="scenarios" finished-at="2025-01-07T13:17:47 IST" duration-ms="42" status="PASS">
          <params>
            <param index="0">
              <value>
                <![CDATA["Validation of invalid credentials"]]>
              </value>
            </param>
            <param index="1">
              <value>
                <![CDATA["Validating Login credentials for ExpleoSurance"]]>
              </value>
            </param>
          </params>
          <reporter-output>
          </reporter-output>
        </test-method> <!-- runScenario -->
        <test-method signature="runScenario(io.cucumber.testng.PickleWrapper,io.cucumber.testng.FeatureWrapper)[pri:0, instance:testRunner.RunnerClass@66d18979]" started-at="2025-01-07T13:17:47 IST" name="runScenario" description="Runs Cucumber Scenarios" data-provider="scenarios" finished-at="2025-01-07T13:17:47 IST" duration-ms="38" status="PASS">
          <params>
            <param index="0">
              <value>
                <![CDATA["Validation of Adding New Insurance"]]>
              </value>
            </param>
            <param index="1">
              <value>
                <![CDATA["Validation of New Insurace Details"]]>
              </value>
            </param>
          </params>
          <reporter-output>
          </reporter-output>
        </test-method> <!-- runScenario -->
        <test-method signature="runScenario(io.cucumber.testng.PickleWrapper,io.cucumber.testng.FeatureWrapper)[pri:0, instance:testRunner.RunnerClass@66d18979]" started-at="2025-01-07T13:17:47 IST" name="runScenario" description="Runs Cucumber Scenarios" data-provider="scenarios" finished-at="2025-01-07T13:17:47 IST" duration-ms="20" status="PASS">
          <params>
            <param index="0">
              <value>
                <![CDATA["Validation of Adding New Insurance"]]>
              </value>
            </param>
            <param index="1">
              <value>
                <![CDATA["Validation of New Insurace Details"]]>
              </value>
            </param>
          </params>
          <reporter-output>
          </reporter-output>
        </test-method> <!-- runScenario -->
        <test-method signature="runScenario(io.cucumber.testng.PickleWrapper,io.cucumber.testng.FeatureWrapper)[pri:0, instance:testRunner.RunnerClass@66d18979]" started-at="2025-01-07T13:17:47 IST" name="runScenario" description="Runs Cucumber Scenarios" data-provider="scenarios" finished-at="2025-01-07T13:17:47 IST" duration-ms="23" status="PASS">
          <params>
            <param index="0">
              <value>
                <![CDATA["Validation of Adding New Insurance"]]>
              </value>
            </param>
            <param index="1">
              <value>
                <![CDATA["Validation of New Insurace Details"]]>
              </value>
            </param>
          </params>
          <reporter-output>
          </reporter-output>
        </test-method> <!-- runScenario -->
        <test-method signature="runScenario(io.cucumber.testng.PickleWrapper,io.cucumber.testng.FeatureWrapper)[pri:0, instance:testRunner.RunnerClass@66d18979]" started-at="2025-01-07T13:17:47 IST" name="runScenario" description="Runs Cucumber Scenarios" data-provider="scenarios" finished-at="2025-01-07T13:17:47 IST" duration-ms="13" status="PASS">
          <params>
            <param index="0">
              <value>
                <![CDATA["Validation of Adding New Insurance"]]>
              </value>
            </param>
            <param index="1">
              <value>
                <![CDATA["Validation of New Insurace Details"]]>
              </value>
            </param>
          </params>
          <reporter-output>
          </reporter-output>
        </test-method> <!-- runScenario -->
        <test-method signature="runScenario(io.cucumber.testng.PickleWrapper,io.cucumber.testng.FeatureWrapper)[pri:0, instance:testRunner.RunnerClass@66d18979]" started-at="2025-01-07T13:17:47 IST" name="runScenario" description="Runs Cucumber Scenarios" data-provider="scenarios" finished-at="2025-01-07T13:17:47 IST" duration-ms="30" status="PASS">
          <params>
            <param index="0">
              <value>
                <![CDATA["Validation of Adding New Insurance"]]>
              </value>
            </param>
            <param index="1">
              <value>
                <![CDATA["Validation of New Insurace Details"]]>
              </value>
            </param>
          </params>
          <reporter-output>
          </reporter-output>
        </test-method> <!-- runScenario -->
        <test-method is-config="true" signature="tearDownClass()[pri:0, instance:testRunner.RunnerClass@66d18979]" started-at="2025-01-07T13:17:48 IST" name="tearDownClass" finished-at="2025-01-07T13:17:48 IST" duration-ms="108" status="PASS">
          <reporter-output>
          </reporter-output>
        </test-method> <!-- tearDownClass -->
      </class> <!-- testRunner.RunnerClass -->
    </test> <!-- Default test -->
  </suite> <!-- Default suite -->
</testng-results>
