<?xml version="1.0" encoding="UTF-8"?>
<testng-results ignored="0" total="1" passed="1" failed="0" skipped="0">
  <reporter-output>
  </reporter-output>
  <suite started-at="2024-12-27T18:42:37 IST" name="Default suite" finished-at="2024-12-27T18:43:01 IST" duration-ms="24266">
    <groups>
      <group name="cucumber">
        <method signature="AbstractTestNGCucumberTests.runScenario(io.cucumber.testng.PickleWrapper,io.cucumber.testng.FeatureWrapper)[pri:0, instance:testRunner.RunnerClass@2525ff7e]" name="runScenario" class="io.cucumber.testng.AbstractTestNGCucumberTests"/>
      </group> <!-- cucumber -->
    </groups>
    <test started-at="2024-12-27T18:42:37 IST" name="Default test" finished-at="2024-12-27T18:43:01 IST" duration-ms="24266">
      <class name="testRunner.RunnerClass">
        <test-method is-config="true" signature="setUpClass(org.testng.ITestContext)[pri:0, instance:testRunner.RunnerClass@2525ff7e]" started-at="2024-12-27T18:42:37 IST" name="setUpClass" finished-at="2024-12-27T18:42:38 IST" duration-ms="742" status="PASS">
          <params>
            <param index="0">
              <value>
                <![CDATA[org.testng.TestRunner@191774d6]]>
              </value>
            </param>
          </params>
          <reporter-output>
          </reporter-output>
        </test-method> <!-- setUpClass -->
        <test-method signature="runScenario(io.cucumber.testng.PickleWrapper,io.cucumber.testng.FeatureWrapper)[pri:0, instance:testRunner.RunnerClass@2525ff7e]" started-at="2024-12-27T18:42:38 IST" name="runScenario" description="Runs Cucumber Scenarios" data-provider="scenarios" finished-at="2024-12-27T18:43:01 IST" duration-ms="23430" status="PASS">
          <params>
            <param index="0">
              <value>
                <![CDATA["Validation of deleting insurance details in dashboard"]]>
              </value>
            </param>
            <param index="1">
              <value>
                <![CDATA["Validation of deleting Existing insurance"]]>
              </value>
            </param>
          </params>
          <reporter-output>
          </reporter-output>
        </test-method> <!-- runScenario -->
        <test-method is-config="true" signature="tearDownClass()[pri:0, instance:testRunner.RunnerClass@2525ff7e]" started-at="2024-12-27T18:43:01 IST" name="tearDownClass" finished-at="2024-12-27T18:43:01 IST" duration-ms="28" status="PASS">
          <reporter-output>
          </reporter-output>
        </test-method> <!-- tearDownClass -->
      </class> <!-- testRunner.RunnerClass -->
    </test> <!-- Default test -->
  </suite> <!-- Default suite -->
</testng-results>
