<?xml version="1.0" encoding="UTF-8"?>
<testng-results ignored="0" total="6" passed="6" failed="0" skipped="0">
  <reporter-output>
  </reporter-output>
  <suite started-at="2025-01-15T11:54:47 IST" name="Default suite" finished-at="2025-01-15T11:56:17 IST" duration-ms="89967">
    <groups>
      <group name="cucumber">
        <method signature="AbstractTestNGCucumberTests.runScenario(io.cucumber.testng.PickleWrapper,io.cucumber.testng.FeatureWrapper)[pri:0, instance:testRunner.RunnerClass@4e50c791]" name="runScenario" class="io.cucumber.testng.AbstractTestNGCucumberTests"/>
      </group> <!-- cucumber -->
    </groups>
    <test started-at="2025-01-15T11:54:47 IST" name="Default test" finished-at="2025-01-15T11:56:17 IST" duration-ms="89967">
      <class name="testRunner.RunnerClass">
        <test-method is-config="true" signature="setUpClass(org.testng.ITestContext)[pri:0, instance:testRunner.RunnerClass@4e50c791]" started-at="2025-01-15T11:54:47 IST" name="setUpClass" finished-at="2025-01-15T11:54:48 IST" duration-ms="579" status="PASS">
          <params>
            <param index="0">
              <value>
                <![CDATA[org.testng.TestRunner@5c18d6d4]]>
              </value>
            </param>
          </params>
          <reporter-output>
          </reporter-output>
        </test-method> <!-- setUpClass -->
        <test-method signature="runScenario(io.cucumber.testng.PickleWrapper,io.cucumber.testng.FeatureWrapper)[pri:0, instance:testRunner.RunnerClass@4e50c791]" started-at="2025-01-15T11:54:48 IST" name="runScenario" description="Runs Cucumber Scenarios" data-provider="scenarios" finished-at="2025-01-15T11:55:05 IST" duration-ms="17257" status="PASS">
          <params>
            <param index="0">
              <value>
                <![CDATA["Validation all fields of New Insurace without Address"]]>
              </value>
            </param>
            <param index="1">
              <value>
                <![CDATA["New Insurance Fields - Address"]]>
              </value>
            </param>
          </params>
          <reporter-output>
          </reporter-output>
        </test-method> <!-- runScenario -->
        <test-method signature="runScenario(io.cucumber.testng.PickleWrapper,io.cucumber.testng.FeatureWrapper)[pri:0, instance:testRunner.RunnerClass@4e50c791]" started-at="2025-01-15T11:55:05 IST" name="runScenario" description="Runs Cucumber Scenarios" data-provider="scenarios" finished-at="2025-01-15T11:55:20 IST" duration-ms="14728" status="PASS">
          <params>
            <param index="0">
              <value>
                <![CDATA["Validation all fields of New Insurace without DOB"]]>
              </value>
            </param>
            <param index="1">
              <value>
                <![CDATA["New Insurance Fields - Address"]]>
              </value>
            </param>
          </params>
          <reporter-output>
          </reporter-output>
        </test-method> <!-- runScenario -->
        <test-method signature="runScenario(io.cucumber.testng.PickleWrapper,io.cucumber.testng.FeatureWrapper)[pri:0, instance:testRunner.RunnerClass@4e50c791]" started-at="2025-01-15T11:55:20 IST" name="runScenario" description="Runs Cucumber Scenarios" data-provider="scenarios" finished-at="2025-01-15T11:55:31 IST" duration-ms="11149" status="PASS">
          <params>
            <param index="0">
              <value>
                <![CDATA["Validation all fields of New Insurace without Gender"]]>
              </value>
            </param>
            <param index="1">
              <value>
                <![CDATA["New Insurance Fields - Address"]]>
              </value>
            </param>
          </params>
          <reporter-output>
          </reporter-output>
        </test-method> <!-- runScenario -->
        <test-method signature="runScenario(io.cucumber.testng.PickleWrapper,io.cucumber.testng.FeatureWrapper)[pri:0, instance:testRunner.RunnerClass@4e50c791]" started-at="2025-01-15T11:55:31 IST" name="runScenario" description="Runs Cucumber Scenarios" data-provider="scenarios" finished-at="2025-01-15T11:55:45 IST" duration-ms="14318" status="PASS">
          <params>
            <param index="0">
              <value>
                <![CDATA["Validation all fields of New Insurace without PolicyType"]]>
              </value>
            </param>
            <param index="1">
              <value>
                <![CDATA["New Insurance Fields - Address"]]>
              </value>
            </param>
          </params>
          <reporter-output>
          </reporter-output>
        </test-method> <!-- runScenario -->
        <test-method signature="runScenario(io.cucumber.testng.PickleWrapper,io.cucumber.testng.FeatureWrapper)[pri:0, instance:testRunner.RunnerClass@4e50c791]" started-at="2025-01-15T11:55:45 IST" name="runScenario" description="Runs Cucumber Scenarios" data-provider="scenarios" finished-at="2025-01-15T11:56:01 IST" duration-ms="15594" status="PASS">
          <params>
            <param index="0">
              <value>
                <![CDATA["Validation all fields of New Insurace without SumInsured"]]>
              </value>
            </param>
            <param index="1">
              <value>
                <![CDATA["New Insurance Fields - Address"]]>
              </value>
            </param>
          </params>
          <reporter-output>
          </reporter-output>
        </test-method> <!-- runScenario -->
        <test-method signature="runScenario(io.cucumber.testng.PickleWrapper,io.cucumber.testng.FeatureWrapper)[pri:0, instance:testRunner.RunnerClass@4e50c791]" started-at="2025-01-15T11:56:01 IST" name="runScenario" description="Runs Cucumber Scenarios" data-provider="scenarios" finished-at="2025-01-15T11:56:17 IST" duration-ms="16176" status="PASS">
          <params>
            <param index="0">
              <value>
                <![CDATA["Validation all fields of New Insurace without Premium"]]>
              </value>
            </param>
            <param index="1">
              <value>
                <![CDATA["New Insurance Fields - Address"]]>
              </value>
            </param>
          </params>
          <reporter-output>
          </reporter-output>
        </test-method> <!-- runScenario -->
        <test-method is-config="true" signature="tearDownClass()[pri:0, instance:testRunner.RunnerClass@4e50c791]" started-at="2025-01-15T11:56:17 IST" name="tearDownClass" finished-at="2025-01-15T11:56:17 IST" duration-ms="122" status="PASS">
          <reporter-output>
          </reporter-output>
        </test-method> <!-- tearDownClass -->
      </class> <!-- testRunner.RunnerClass -->
    </test> <!-- Default test -->
  </suite> <!-- Default suite -->
</testng-results>
