<?xml version="1.0" encoding="UTF-8"?>
<testng-results ignored="0" total="4" passed="4" failed="0" skipped="0">
  <reporter-output>
  </reporter-output>
  <suite started-at="2025-01-17T22:23:49 IST" name="Default suite" finished-at="2025-01-17T22:24:56 IST" duration-ms="67796">
    <groups>
      <group name="cucumber">
        <method signature="AbstractTestNGCucumberTests.runScenario(io.cucumber.testng.PickleWrapper,io.cucumber.testng.FeatureWrapper)[pri:0, instance:testRunner.RunnerClass@4e50c791]" name="runScenario" class="io.cucumber.testng.AbstractTestNGCucumberTests"/>
      </group> <!-- cucumber -->
    </groups>
    <test started-at="2025-01-17T22:23:49 IST" name="Default test" finished-at="2025-01-17T22:24:56 IST" duration-ms="67796">
      <class name="testRunner.RunnerClass">
        <test-method is-config="true" signature="setUpClass(org.testng.ITestContext)[pri:0, instance:testRunner.RunnerClass@4e50c791]" started-at="2025-01-17T22:23:49 IST" name="setUpClass" finished-at="2025-01-17T22:23:49 IST" duration-ms="623" status="PASS">
          <params>
            <param index="0">
              <value>
                <![CDATA[org.testng.TestRunner@7d7cac8]]>
              </value>
            </param>
          </params>
          <reporter-output>
          </reporter-output>
        </test-method> <!-- setUpClass -->
        <test-method signature="runScenario(io.cucumber.testng.PickleWrapper,io.cucumber.testng.FeatureWrapper)[pri:0, instance:testRunner.RunnerClass@4e50c791]" started-at="2025-01-17T22:23:49 IST" name="runScenario" description="Runs Cucumber Scenarios" data-provider="scenarios" finished-at="2025-01-17T22:24:07 IST" duration-ms="17358" status="PASS">
          <params>
            <param index="0">
              <value>
                <![CDATA["Validation of Quote Generation Page"]]>
              </value>
            </param>
            <param index="1">
              <value>
                <![CDATA["ES19_Quote Generation"]]>
              </value>
            </param>
          </params>
          <reporter-output>
          </reporter-output>
        </test-method> <!-- runScenario -->
        <test-method signature="runScenario(io.cucumber.testng.PickleWrapper,io.cucumber.testng.FeatureWrapper)[pri:0, instance:testRunner.RunnerClass@4e50c791]" started-at="2025-01-17T22:24:07 IST" name="runScenario" description="Runs Cucumber Scenarios" data-provider="scenarios" finished-at="2025-01-17T22:24:23 IST" duration-ms="16484" status="PASS">
          <params>
            <param index="0">
              <value>
                <![CDATA["Validation of Quote Generation Page"]]>
              </value>
            </param>
            <param index="1">
              <value>
                <![CDATA["ES19_Quote Generation"]]>
              </value>
            </param>
          </params>
          <reporter-output>
          </reporter-output>
        </test-method> <!-- runScenario -->
        <test-method signature="runScenario(io.cucumber.testng.PickleWrapper,io.cucumber.testng.FeatureWrapper)[pri:0, instance:testRunner.RunnerClass@4e50c791]" started-at="2025-01-17T22:24:23 IST" name="runScenario" description="Runs Cucumber Scenarios" data-provider="scenarios" finished-at="2025-01-17T22:24:40 IST" duration-ms="16613" status="PASS">
          <params>
            <param index="0">
              <value>
                <![CDATA["Validation of Quote Generation Page"]]>
              </value>
            </param>
            <param index="1">
              <value>
                <![CDATA["ES19_Quote Generation"]]>
              </value>
            </param>
          </params>
          <reporter-output>
          </reporter-output>
        </test-method> <!-- runScenario -->
        <test-method signature="runScenario(io.cucumber.testng.PickleWrapper,io.cucumber.testng.FeatureWrapper)[pri:0, instance:testRunner.RunnerClass@4e50c791]" started-at="2025-01-17T22:24:40 IST" name="runScenario" description="Runs Cucumber Scenarios" data-provider="scenarios" finished-at="2025-01-17T22:24:56 IST" duration-ms="16579" status="PASS">
          <params>
            <param index="0">
              <value>
                <![CDATA["Validation of Quote Generation Page"]]>
              </value>
            </param>
            <param index="1">
              <value>
                <![CDATA["ES19_Quote Generation"]]>
              </value>
            </param>
          </params>
          <reporter-output>
          </reporter-output>
        </test-method> <!-- runScenario -->
        <test-method is-config="true" signature="tearDownClass()[pri:0, instance:testRunner.RunnerClass@4e50c791]" started-at="2025-01-17T22:24:56 IST" name="tearDownClass" finished-at="2025-01-17T22:24:56 IST" duration-ms="97" status="PASS">
          <reporter-output>
          </reporter-output>
        </test-method> <!-- tearDownClass -->
      </class> <!-- testRunner.RunnerClass -->
    </test> <!-- Default test -->
  </suite> <!-- Default suite -->
</testng-results>
